User belongs to experiment group 'ShowPlayIcon - start'
User belongs to experiment group 'ShowExtensionSurveyPrompt - control'
User belongs to experiment group 'DebugAdapterFactory - experiment'
User belongs to experiment group 'PtvsdWheels37 - experiment'
User belongs to experiment group 'UseTerminalToGetActivatedEnvVars - control'
User belongs to experiment group 'LocalZMQKernel - control'
User belongs to experiment group 'CollectLSRequestTiming - control'
User belongs to experiment group 'CollectNodeLSRequestTiming - experiment'
User belongs to experiment group 'EnableIPyWidgets - experiment'
User belongs to experiment group 'RunByLine - control'
User belongs to experiment group 'CustomEditorSupport - control'
User belongs to experiment group 'pythonaacf'
> conda --version
> pyenv root
> python3.7 ~/.vscode-oss/extensions/ms-python.python-2020.7.96456/pythonFiles/pyvsc-run-isolated.py -c "import sys;print(sys.executable)"
> python3.6 ~/.vscode-oss/extensions/ms-python.python-2020.7.96456/pythonFiles/pyvsc-run-isolated.py -c "import sys;print(sys.executable)"
> python3 ~/.vscode-oss/extensions/ms-python.python-2020.7.96456/pythonFiles/pyvsc-run-isolated.py -c "import sys;print(sys.executable)"
> python2 ~/.vscode-oss/extensions/ms-python.python-2020.7.96456/pythonFiles/pyvsc-run-isolated.py -c "import sys;print(sys.executable)"
> python ~/.vscode-oss/extensions/ms-python.python-2020.7.96456/pythonFiles/pyvsc-run-isolated.py -c "import sys;print(sys.executable)"
> /usr/bin/python ~/.vscode-oss/extensions/ms-python.python-2020.7.96456/pythonFiles/pyvsc-run-isolated.py -c "import sys;print(sys.executable)"
> conda info --json
Error 2020-08-02 12:57:11: Failed to check if file needs to be fixed [EntryNotFound (FileSystemError): Unable to read file '/home/tomicp/.config/Code/User/settings.json' (EntryNotFound (FileSystemError): Error: ENOENT: no such file or directory, open '/home/tomicp/.config/Code/User/settings.json')
	at _handleError (/usr/lib/code/out/vs/workbench/services/extensions/node/extensionHostProcess.js:657:25)
	at async v.readText (/home/tomicp/.vscode-oss/extensions/ms-python.python-2020.7.96456/out/client/extension.js:1:571666)
	at async p.doesFileNeedToBeFixed (/home/tomicp/.vscode-oss/extensions/ms-python.python-2020.7.96456/out/client/extension.js:48:932592)
	at async /home/tomicp/.vscode-oss/extensions/ms-python.python-2020.7.96456/out/client/extension.js:48:931719
	at async Promise.all (index 0)
	at async p.getFilesToBeFixed (/home/tomicp/.vscode-oss/extensions/ms-python.python-2020.7.96456/out/client/extension.js:48:931665)
	at async p.updateTestSettings (/home/tomicp/.vscode-oss/extensions/ms-python.python-2020.7.96456/out/client/extension.js:48:931292)] {
  code: 'FileNotFound',
  name: 'EntryNotFound (FileSystemError)'
}
> pyenv root
Starting Microsoft Python language server.
Python interpreter path: /usr/bin/python
> /usr/bin/python ~/.vscode-oss/extensions/ms-python.python-2020.7.96456/pythonFiles/pyvsc-run-isolated.py -c "import jupyter"
> /usr/bin/python ~/.vscode-oss/extensions/ms-python.python-2020.7.96456/pythonFiles/pyvsc-run-isolated.py -c "import jupyter"
> /usr/bin/python ~/.vscode-oss/extensions/ms-python.python-2020.7.96456/pythonFiles/pyvsc-run-isolated.py -c "import notebook"
> /usr/bin/python ~/.vscode-oss/extensions/ms-python.python-2020.7.96456/pythonFiles/pyvsc-run-isolated.py -c "import notebook"
> conda --version
