[2020-08-02 16:31:54.252] [exthost] [info] extension host started
[2020-08-02 16:31:54.347] [exthost] [info] ExtensionService#_doActivateExtension vscode.python {"startup":false,"extensionId":{"value":"vscode.python","_lower":"vscode.python"},"activationEvent":"onLanguage:python"}
[2020-08-02 16:31:54.348] [exthost] [info] ExtensionService#loadCommonJSModule file:///usr/lib/code/extensions/python/dist/pythonMain
[2020-08-02 16:31:54.488] [exthost] [info] ExtensionService#_doActivateExtension batisteo.vscode-django {"startup":false,"extensionId":{"value":"batisteo.vscode-django","_lower":"batisteo.vscode-django"},"activationEvent":"onLanguage:python"}
[2020-08-02 16:31:54.489] [exthost] [info] ExtensionService#loadCommonJSModule file:///home/tomicp/.vscode-oss/extensions/batisteo.vscode-django-0.20.0/out/extension
[2020-08-02 16:31:54.923] [exthost] [info] ExtensionService#_doActivateExtension mgesbert.python-path {"startup":false,"extensionId":{"value":"mgesbert.python-path","_lower":"mgesbert.python-path"},"activationEvent":"onLanguage:python"}
[2020-08-02 16:31:54.924] [exthost] [info] ExtensionService#loadCommonJSModule file:///home/tomicp/.vscode-oss/extensions/mgesbert.python-path-0.0.11/extension
[2020-08-02 16:31:56.431] [exthost] [info] ExtensionService#_doActivateExtension ms-python.python {"startup":false,"extensionId":{"value":"ms-python.python","_lower":"ms-python.python"},"activationEvent":"onLanguage:python"}
[2020-08-02 16:31:56.435] [exthost] [info] ExtensionService#loadCommonJSModule file:///home/tomicp/.vscode-oss/extensions/ms-python.python-2020.7.96456/out/client/extension
[2020-08-02 16:31:57.266] [exthost] [info] ExtensionService#_doActivateExtension VisualStudioExptTeam.vscodeintellicode {"startup":false,"extensionId":{"value":"VisualStudioExptTeam.vscodeintellicode","_lower":"visualstudioexptteam.vscodeintellicode"},"activationEvent":"onLanguage:python"}
[2020-08-02 16:31:57.266] [exthost] [info] ExtensionService#loadCommonJSModule file:///home/tomicp/.vscode-oss/extensions/visualstudioexptteam.vscodeintellicode-1.2.9/dist/intellicode
[2020-08-02 16:31:57.440] [exthost] [info] ExtensionService#_doActivateExtension vscode.debug-auto-launch {"startup":true,"extensionId":{"value":"vscode.debug-auto-launch","_lower":"vscode.debug-auto-launch"},"activationEvent":"*"}
[2020-08-02 16:31:57.440] [exthost] [info] ExtensionService#loadCommonJSModule file:///usr/lib/code/extensions/debug-auto-launch/dist/extension
[2020-08-02 16:31:57.481] [exthost] [info] ExtensionService#_doActivateExtension vscode.emmet {"startup":true,"extensionId":{"value":"vscode.emmet","_lower":"vscode.emmet"},"activationEvent":"*"}
[2020-08-02 16:31:57.481] [exthost] [info] ExtensionService#loadCommonJSModule file:///usr/lib/code/extensions/emmet/dist/extension
[2020-08-02 16:31:57.624] [exthost] [info] ExtensionService#_doActivateExtension vscode.git {"startup":true,"extensionId":{"value":"vscode.github","_lower":"vscode.github"},"activationEvent":"*"}
[2020-08-02 16:31:57.625] [exthost] [info] ExtensionService#loadCommonJSModule file:///usr/lib/code/extensions/git/dist/main
[2020-08-02 16:31:57.778] [exthost] [info] ExtensionService#_doActivateExtension vscode.github-authentication {"startup":true,"extensionId":{"value":"vscode.github-authentication","_lower":"vscode.github-authentication"},"activationEvent":"*"}
[2020-08-02 16:31:57.779] [exthost] [info] ExtensionService#loadCommonJSModule file:///usr/lib/code/extensions/github-authentication/dist/extension.js
[2020-08-02 16:31:57.839] [exthost] [info] ExtensionService#_doActivateExtension vscode.merge-conflict {"startup":true,"extensionId":{"value":"vscode.merge-conflict","_lower":"vscode.merge-conflict"},"activationEvent":"*"}
[2020-08-02 16:31:57.840] [exthost] [info] ExtensionService#loadCommonJSModule file:///usr/lib/code/extensions/merge-conflict/dist/mergeConflictMain
[2020-08-02 16:31:57.891] [exthost] [info] ExtensionService#_doActivateExtension vscode.microsoft-authentication {"startup":true,"extensionId":{"value":"vscode.microsoft-authentication","_lower":"vscode.microsoft-authentication"},"activationEvent":"*"}
[2020-08-02 16:31:57.892] [exthost] [info] ExtensionService#loadCommonJSModule file:///usr/lib/code/extensions/microsoft-authentication/dist/extension.js
[2020-08-02 16:31:57.946] [exthost] [info] ExtensionService#_doActivateExtension vscode.search-result {"startup":true,"extensionId":{"value":"vscode.search-result","_lower":"vscode.search-result"},"activationEvent":"*"}
[2020-08-02 16:31:57.947] [exthost] [info] ExtensionService#loadCommonJSModule file:///usr/lib/code/extensions/search-result/dist/extension.js
[2020-08-02 16:31:57.966] [exthost] [info] ExtensionService#_doActivateExtension esbenp.prettier-vscode {"startup":true,"extensionId":{"value":"esbenp.prettier-vscode","_lower":"esbenp.prettier-vscode"},"activationEvent":"*"}
[2020-08-02 16:31:57.966] [exthost] [info] ExtensionService#loadCommonJSModule file:///home/tomicp/.vscode-oss/extensions/esbenp.prettier-vscode-5.1.3/dist/extension
[2020-08-02 16:32:02.401] [exthost] [error] [ms-python.python] provider FAILED
[2020-08-02 16:32:02.407] [exthost] [error] Error: [ms-python.python]: Proposed API is only available when running out of dev or with the following command line switch: --enable-proposed-api ms-python.python
	at a (/usr/lib/code/out/vs/workbench/services/extensions/node/extensionHostProcess.js:594:75)
	at Object.t.checkProposedApiEnabled (/usr/lib/code/out/vs/workbench/services/extensions/node/extensionHostProcess.js:594:437)
	at Object.get activeNotebookEditor [as activeNotebookEditor] (/usr/lib/code/out/vs/workbench/services/extensions/node/extensionHostProcess.js:925:680)
	at u.get activeNotebookEditor [as activeNotebookEditor] (/home/tomicp/.vscode-oss/extensions/ms-python.python-2020.7.96456/out/client/extension.js:46:526543)
	at g.provideCodeLenses (/home/tomicp/.vscode-oss/extensions/ms-python.python-2020.7.96456/out/client/extension.js:48:226369)
	at /usr/lib/code/out/vs/workbench/services/extensions/node/extensionHostProcess.js:666:744
	at /usr/lib/code/out/vs/workbench/services/extensions/node/extensionHostProcess.js:51:761
	at new Promise (<anonymous>)
	at Object.t.asPromise (/usr/lib/code/out/vs/workbench/services/extensions/node/extensionHostProcess.js:51:733)
	at _.provideCodeLenses (/usr/lib/code/out/vs/workbench/services/extensions/node/extensionHostProcess.js:666:715)
	at /usr/lib/code/out/vs/workbench/services/extensions/node/extensionHostProcess.js:687:816
	at K._withAdapter (/usr/lib/code/out/vs/workbench/services/extensions/node/extensionHostProcess.js:686:499)
	at K.$provideCodeLenses (/usr/lib/code/out/vs/workbench/services/extensions/node/extensionHostProcess.js:687:794)
	at m._doInvokeHandler (/usr/lib/code/out/vs/workbench/services/extensions/node/extensionHostProcess.js:801:683)
	at m._invokeHandler (/usr/lib/code/out/vs/workbench/services/extensions/node/extensionHostProcess.js:801:375)
	at m._receiveRequest (/usr/lib/code/out/vs/workbench/services/extensions/node/extensionHostProcess.js:799:953)
	at m._receiveOneMessage (/usr/lib/code/out/vs/workbench/services/extensions/node/extensionHostProcess.js:798:832)
	at /usr/lib/code/out/vs/workbench/services/extensions/node/extensionHostProcess.js:797:34
	at l.fire (/usr/lib/code/out/vs/workbench/services/extensions/node/extensionHostProcess.js:45:801)
	at v.fire (/usr/lib/code/out/vs/workbench/services/extensions/node/extensionHostProcess.js:235:849)
	at /usr/lib/code/out/vs/workbench/services/extensions/node/extensionHostProcess.js:975:649
	at l.fire (/usr/lib/code/out/vs/workbench/services/extensions/node/extensionHostProcess.js:45:801)
	at v.fire (/usr/lib/code/out/vs/workbench/services/extensions/node/extensionHostProcess.js:235:849)
	at t.PersistentProtocol._receiveMessage (/usr/lib/code/out/vs/workbench/services/extensions/node/extensionHostProcess.js:240:276)
	at /usr/lib/code/out/vs/workbench/services/extensions/node/extensionHostProcess.js:237:357
	at l.fire (/usr/lib/code/out/vs/workbench/services/extensions/node/extensionHostProcess.js:45:801)
	at p.acceptChunk (/usr/lib/code/out/vs/workbench/services/extensions/node/extensionHostProcess.js:233:393)
	at /usr/lib/code/out/vs/workbench/services/extensions/node/extensionHostProcess.js:232:753
	at Socket.t (/usr/lib/code/out/vs/workbench/services/extensions/node/extensionHostProcess.js:241:826)
	at Socket.emit (events.js:203:13)
	at addChunk (_stream_readable.js:295:12)
	at readableAddChunk (_stream_readable.js:276:11)
	at Socket.Readable.push (_stream_readable.js:210:10)
	at Pipe.onStreamRead (internal/stream_base_commons.js:166:17)
[2020-08-02 16:32:02.416] [exthost] [info] ExtensionService#_doActivateExtension vscode.github {"startup":true,"extensionId":{"value":"vscode.github","_lower":"vscode.github"},"activationEvent":"*"}
[2020-08-02 16:32:02.416] [exthost] [info] ExtensionService#loadCommonJSModule file:///usr/lib/code/extensions/github/dist/extension.js
[2020-08-02 16:32:05.617] [exthost] [info] eager extensions activated
[2020-08-02 16:32:12.583] [exthost] [error] [ms-python.python] provider FAILED
[2020-08-02 16:32:12.583] [exthost] [error] Error: [ms-python.python]: Proposed API is only available when running out of dev or with the following command line switch: --enable-proposed-api ms-python.python
	at a (/usr/lib/code/out/vs/workbench/services/extensions/node/extensionHostProcess.js:594:75)
	at Object.t.checkProposedApiEnabled (/usr/lib/code/out/vs/workbench/services/extensions/node/extensionHostProcess.js:594:437)
	at Object.get activeNotebookEditor [as activeNotebookEditor] (/usr/lib/code/out/vs/workbench/services/extensions/node/extensionHostProcess.js:925:680)
	at u.get activeNotebookEditor [as activeNotebookEditor] (/home/tomicp/.vscode-oss/extensions/ms-python.python-2020.7.96456/out/client/extension.js:46:526543)
	at g.provideCodeLenses (/home/tomicp/.vscode-oss/extensions/ms-python.python-2020.7.96456/out/client/extension.js:48:226369)
	at /usr/lib/code/out/vs/workbench/services/extensions/node/extensionHostProcess.js:666:744
	at /usr/lib/code/out/vs/workbench/services/extensions/node/extensionHostProcess.js:51:761
	at new Promise (<anonymous>)
	at Object.t.asPromise (/usr/lib/code/out/vs/workbench/services/extensions/node/extensionHostProcess.js:51:733)
	at _.provideCodeLenses (/usr/lib/code/out/vs/workbench/services/extensions/node/extensionHostProcess.js:666:715)
	at /usr/lib/code/out/vs/workbench/services/extensions/node/extensionHostProcess.js:687:816
	at K._withAdapter (/usr/lib/code/out/vs/workbench/services/extensions/node/extensionHostProcess.js:686:499)
	at K.$provideCodeLenses (/usr/lib/code/out/vs/workbench/services/extensions/node/extensionHostProcess.js:687:794)
	at m._doInvokeHandler (/usr/lib/code/out/vs/workbench/services/extensions/node/extensionHostProcess.js:801:683)
	at m._invokeHandler (/usr/lib/code/out/vs/workbench/services/extensions/node/extensionHostProcess.js:801:375)
	at m._receiveRequest (/usr/lib/code/out/vs/workbench/services/extensions/node/extensionHostProcess.js:799:953)
	at m._receiveOneMessage (/usr/lib/code/out/vs/workbench/services/extensions/node/extensionHostProcess.js:798:832)
	at /usr/lib/code/out/vs/workbench/services/extensions/node/extensionHostProcess.js:797:34
	at l.fire (/usr/lib/code/out/vs/workbench/services/extensions/node/extensionHostProcess.js:45:801)
	at v.fire (/usr/lib/code/out/vs/workbench/services/extensions/node/extensionHostProcess.js:235:849)
	at /usr/lib/code/out/vs/workbench/services/extensions/node/extensionHostProcess.js:975:649
	at l.fire (/usr/lib/code/out/vs/workbench/services/extensions/node/extensionHostProcess.js:45:801)
	at v.fire (/usr/lib/code/out/vs/workbench/services/extensions/node/extensionHostProcess.js:235:849)
	at t.PersistentProtocol._receiveMessage (/usr/lib/code/out/vs/workbench/services/extensions/node/extensionHostProcess.js:240:276)
	at /usr/lib/code/out/vs/workbench/services/extensions/node/extensionHostProcess.js:237:357
	at l.fire (/usr/lib/code/out/vs/workbench/services/extensions/node/extensionHostProcess.js:45:801)
	at p.acceptChunk (/usr/lib/code/out/vs/workbench/services/extensions/node/extensionHostProcess.js:233:393)
	at /usr/lib/code/out/vs/workbench/services/extensions/node/extensionHostProcess.js:232:753
	at Socket.t (/usr/lib/code/out/vs/workbench/services/extensions/node/extensionHostProcess.js:241:826)
	at Socket.emit (events.js:203:13)
	at addChunk (_stream_readable.js:295:12)
	at readableAddChunk (_stream_readable.js:276:11)
	at Socket.Readable.push (_stream_readable.js:210:10)
	at Pipe.onStreamRead (internal/stream_base_commons.js:166:17)
[2020-08-02 16:32:34.608] [exthost] [info] extension host started
[2020-08-02 16:32:34.686] [exthost] [info] ExtensionService#_doActivateExtension vscode.debug-auto-launch {"startup":true,"extensionId":{"value":"vscode.debug-auto-launch","_lower":"vscode.debug-auto-launch"},"activationEvent":"*"}
[2020-08-02 16:32:34.686] [exthost] [info] ExtensionService#loadCommonJSModule file:///usr/lib/code/extensions/debug-auto-launch/dist/extension
[2020-08-02 16:32:34.692] [exthost] [info] ExtensionService#_doActivateExtension vscode.emmet {"startup":true,"extensionId":{"value":"vscode.emmet","_lower":"vscode.emmet"},"activationEvent":"*"}
[2020-08-02 16:32:34.692] [exthost] [info] ExtensionService#loadCommonJSModule file:///usr/lib/code/extensions/emmet/dist/extension
[2020-08-02 16:32:34.715] [exthost] [info] ExtensionService#_doActivateExtension vscode.git {"startup":true,"extensionId":{"value":"vscode.github","_lower":"vscode.github"},"activationEvent":"*"}
[2020-08-02 16:32:34.716] [exthost] [info] ExtensionService#loadCommonJSModule file:///usr/lib/code/extensions/git/dist/main
[2020-08-02 16:32:34.756] [exthost] [info] ExtensionService#_doActivateExtension vscode.github-authentication {"startup":true,"extensionId":{"value":"vscode.github-authentication","_lower":"vscode.github-authentication"},"activationEvent":"*"}
[2020-08-02 16:32:34.756] [exthost] [info] ExtensionService#loadCommonJSModule file:///usr/lib/code/extensions/github-authentication/dist/extension.js
[2020-08-02 16:32:34.771] [exthost] [info] ExtensionService#_doActivateExtension vscode.merge-conflict {"startup":true,"extensionId":{"value":"vscode.merge-conflict","_lower":"vscode.merge-conflict"},"activationEvent":"*"}
[2020-08-02 16:32:34.771] [exthost] [info] ExtensionService#loadCommonJSModule file:///usr/lib/code/extensions/merge-conflict/dist/mergeConflictMain
[2020-08-02 16:32:34.775] [exthost] [info] ExtensionService#_doActivateExtension vscode.microsoft-authentication {"startup":true,"extensionId":{"value":"vscode.microsoft-authentication","_lower":"vscode.microsoft-authentication"},"activationEvent":"*"}
[2020-08-02 16:32:34.776] [exthost] [info] ExtensionService#loadCommonJSModule file:///usr/lib/code/extensions/microsoft-authentication/dist/extension.js
[2020-08-02 16:32:34.783] [exthost] [info] ExtensionService#_doActivateExtension vscode.search-result {"startup":true,"extensionId":{"value":"vscode.search-result","_lower":"vscode.search-result"},"activationEvent":"*"}
[2020-08-02 16:32:34.783] [exthost] [info] ExtensionService#loadCommonJSModule file:///usr/lib/code/extensions/search-result/dist/extension.js
[2020-08-02 16:32:34.785] [exthost] [info] ExtensionService#_doActivateExtension esbenp.prettier-vscode {"startup":true,"extensionId":{"value":"esbenp.prettier-vscode","_lower":"esbenp.prettier-vscode"},"activationEvent":"*"}
[2020-08-02 16:32:34.785] [exthost] [info] ExtensionService#loadCommonJSModule file:///home/tomicp/.vscode-oss/extensions/esbenp.prettier-vscode-5.1.3/dist/extension
[2020-08-02 16:32:35.422] [exthost] [info] ExtensionService#_doActivateExtension vscode.github {"startup":true,"extensionId":{"value":"vscode.github","_lower":"vscode.github"},"activationEvent":"*"}
[2020-08-02 16:32:35.422] [exthost] [info] ExtensionService#loadCommonJSModule file:///usr/lib/code/extensions/github/dist/extension.js
[2020-08-02 16:32:35.549] [exthost] [info] eager extensions activated
[2020-08-02 16:32:43.643] [exthost] [info] ExtensionService#_doActivateExtension vscode.python {"startup":false,"extensionId":{"value":"vscode.python","_lower":"vscode.python"},"activationEvent":"onLanguage:python"}
[2020-08-02 16:32:43.643] [exthost] [info] ExtensionService#loadCommonJSModule file:///usr/lib/code/extensions/python/dist/pythonMain
[2020-08-02 16:32:43.645] [exthost] [info] ExtensionService#_doActivateExtension batisteo.vscode-django {"startup":false,"extensionId":{"value":"batisteo.vscode-django","_lower":"batisteo.vscode-django"},"activationEvent":"onLanguage:python"}
[2020-08-02 16:32:43.645] [exthost] [info] ExtensionService#loadCommonJSModule file:///home/tomicp/.vscode-oss/extensions/batisteo.vscode-django-0.20.0/out/extension
[2020-08-02 16:32:43.659] [exthost] [info] ExtensionService#_doActivateExtension mgesbert.python-path {"startup":false,"extensionId":{"value":"mgesbert.python-path","_lower":"mgesbert.python-path"},"activationEvent":"onLanguage:python"}
[2020-08-02 16:32:43.659] [exthost] [info] ExtensionService#loadCommonJSModule file:///home/tomicp/.vscode-oss/extensions/mgesbert.python-path-0.0.11/extension
[2020-08-02 16:32:43.720] [exthost] [info] ExtensionService#_doActivateExtension ms-python.python {"startup":false,"extensionId":{"value":"ms-python.python","_lower":"ms-python.python"},"activationEvent":"onLanguage:python"}
[2020-08-02 16:32:43.721] [exthost] [info] ExtensionService#loadCommonJSModule file:///home/tomicp/.vscode-oss/extensions/ms-python.python-2020.7.96456/out/client/extension
[2020-08-02 16:32:44.082] [exthost] [info] ExtensionService#_doActivateExtension VisualStudioExptTeam.vscodeintellicode {"startup":false,"extensionId":{"value":"VisualStudioExptTeam.vscodeintellicode","_lower":"visualstudioexptteam.vscodeintellicode"},"activationEvent":"onLanguage:python"}
[2020-08-02 16:32:44.083] [exthost] [info] ExtensionService#loadCommonJSModule file:///home/tomicp/.vscode-oss/extensions/visualstudioexptteam.vscodeintellicode-1.2.9/dist/intellicode
[2020-08-02 16:32:47.954] [exthost] [error] [ms-python.python] provider FAILED
[2020-08-02 16:32:47.957] [exthost] [error] Error: [ms-python.python]: Proposed API is only available when running out of dev or with the following command line switch: --enable-proposed-api ms-python.python
	at a (/usr/lib/code/out/vs/workbench/services/extensions/node/extensionHostProcess.js:594:75)
	at Object.t.checkProposedApiEnabled (/usr/lib/code/out/vs/workbench/services/extensions/node/extensionHostProcess.js:594:437)
	at Object.get activeNotebookEditor [as activeNotebookEditor] (/usr/lib/code/out/vs/workbench/services/extensions/node/extensionHostProcess.js:925:680)
	at u.get activeNotebookEditor [as activeNotebookEditor] (/home/tomicp/.vscode-oss/extensions/ms-python.python-2020.7.96456/out/client/extension.js:46:526543)
	at g.provideCodeLenses (/home/tomicp/.vscode-oss/extensions/ms-python.python-2020.7.96456/out/client/extension.js:48:226369)
	at /usr/lib/code/out/vs/workbench/services/extensions/node/extensionHostProcess.js:666:744
	at /usr/lib/code/out/vs/workbench/services/extensions/node/extensionHostProcess.js:51:761
	at new Promise (<anonymous>)
	at Object.t.asPromise (/usr/lib/code/out/vs/workbench/services/extensions/node/extensionHostProcess.js:51:733)
	at _.provideCodeLenses (/usr/lib/code/out/vs/workbench/services/extensions/node/extensionHostProcess.js:666:715)
	at /usr/lib/code/out/vs/workbench/services/extensions/node/extensionHostProcess.js:687:816
	at K._withAdapter (/usr/lib/code/out/vs/workbench/services/extensions/node/extensionHostProcess.js:686:499)
	at K.$provideCodeLenses (/usr/lib/code/out/vs/workbench/services/extensions/node/extensionHostProcess.js:687:794)
	at m._doInvokeHandler (/usr/lib/code/out/vs/workbench/services/extensions/node/extensionHostProcess.js:801:683)
	at m._invokeHandler (/usr/lib/code/out/vs/workbench/services/extensions/node/extensionHostProcess.js:801:375)
	at m._receiveRequest (/usr/lib/code/out/vs/workbench/services/extensions/node/extensionHostProcess.js:799:953)
	at m._receiveOneMessage (/usr/lib/code/out/vs/workbench/services/extensions/node/extensionHostProcess.js:798:832)
	at /usr/lib/code/out/vs/workbench/services/extensions/node/extensionHostProcess.js:797:34
	at l.fire (/usr/lib/code/out/vs/workbench/services/extensions/node/extensionHostProcess.js:45:801)
	at v.fire (/usr/lib/code/out/vs/workbench/services/extensions/node/extensionHostProcess.js:235:849)
	at /usr/lib/code/out/vs/workbench/services/extensions/node/extensionHostProcess.js:975:649
	at l.fire (/usr/lib/code/out/vs/workbench/services/extensions/node/extensionHostProcess.js:45:801)
	at v.fire (/usr/lib/code/out/vs/workbench/services/extensions/node/extensionHostProcess.js:235:849)
	at t.PersistentProtocol._receiveMessage (/usr/lib/code/out/vs/workbench/services/extensions/node/extensionHostProcess.js:240:276)
	at /usr/lib/code/out/vs/workbench/services/extensions/node/extensionHostProcess.js:237:357
	at l.fire (/usr/lib/code/out/vs/workbench/services/extensions/node/extensionHostProcess.js:45:801)
	at p.acceptChunk (/usr/lib/code/out/vs/workbench/services/extensions/node/extensionHostProcess.js:233:393)
	at /usr/lib/code/out/vs/workbench/services/extensions/node/extensionHostProcess.js:232:753
	at Socket.t (/usr/lib/code/out/vs/workbench/services/extensions/node/extensionHostProcess.js:241:826)
	at Socket.emit (events.js:203:13)
	at addChunk (_stream_readable.js:295:12)
	at readableAddChunk (_stream_readable.js:276:11)
	at Socket.Readable.push (_stream_readable.js:210:10)
	at Pipe.onStreamRead (internal/stream_base_commons.js:166:17)
[2020-08-02 16:32:52.586] [exthost] [error] [ms-python.python] provider FAILED
[2020-08-02 16:32:52.598] [exthost] [error] Error: [ms-python.python]: Proposed API is only available when running out of dev or with the following command line switch: --enable-proposed-api ms-python.python
	at a (/usr/lib/code/out/vs/workbench/services/extensions/node/extensionHostProcess.js:594:75)
	at Object.t.checkProposedApiEnabled (/usr/lib/code/out/vs/workbench/services/extensions/node/extensionHostProcess.js:594:437)
	at Object.get activeNotebookEditor [as activeNotebookEditor] (/usr/lib/code/out/vs/workbench/services/extensions/node/extensionHostProcess.js:925:680)
	at u.get activeNotebookEditor [as activeNotebookEditor] (/home/tomicp/.vscode-oss/extensions/ms-python.python-2020.7.96456/out/client/extension.js:46:526543)
	at g.provideCodeLenses (/home/tomicp/.vscode-oss/extensions/ms-python.python-2020.7.96456/out/client/extension.js:48:226369)
	at /usr/lib/code/out/vs/workbench/services/extensions/node/extensionHostProcess.js:666:744
	at /usr/lib/code/out/vs/workbench/services/extensions/node/extensionHostProcess.js:51:761
	at new Promise (<anonymous>)
	at Object.t.asPromise (/usr/lib/code/out/vs/workbench/services/extensions/node/extensionHostProcess.js:51:733)
	at _.provideCodeLenses (/usr/lib/code/out/vs/workbench/services/extensions/node/extensionHostProcess.js:666:715)
	at /usr/lib/code/out/vs/workbench/services/extensions/node/extensionHostProcess.js:687:816
	at K._withAdapter (/usr/lib/code/out/vs/workbench/services/extensions/node/extensionHostProcess.js:686:499)
	at K.$provideCodeLenses (/usr/lib/code/out/vs/workbench/services/extensions/node/extensionHostProcess.js:687:794)
	at m._doInvokeHandler (/usr/lib/code/out/vs/workbench/services/extensions/node/extensionHostProcess.js:801:683)
	at m._invokeHandler (/usr/lib/code/out/vs/workbench/services/extensions/node/extensionHostProcess.js:801:375)
	at m._receiveRequest (/usr/lib/code/out/vs/workbench/services/extensions/node/extensionHostProcess.js:799:953)
	at m._receiveOneMessage (/usr/lib/code/out/vs/workbench/services/extensions/node/extensionHostProcess.js:798:832)
	at /usr/lib/code/out/vs/workbench/services/extensions/node/extensionHostProcess.js:797:34
	at l.fire (/usr/lib/code/out/vs/workbench/services/extensions/node/extensionHostProcess.js:45:801)
	at v.fire (/usr/lib/code/out/vs/workbench/services/extensions/node/extensionHostProcess.js:235:849)
	at /usr/lib/code/out/vs/workbench/services/extensions/node/extensionHostProcess.js:975:649
	at l.fire (/usr/lib/code/out/vs/workbench/services/extensions/node/extensionHostProcess.js:45:801)
	at v.fire (/usr/lib/code/out/vs/workbench/services/extensions/node/extensionHostProcess.js:235:849)
	at t.PersistentProtocol._receiveMessage (/usr/lib/code/out/vs/workbench/services/extensions/node/extensionHostProcess.js:240:276)
	at /usr/lib/code/out/vs/workbench/services/extensions/node/extensionHostProcess.js:237:357
	at l.fire (/usr/lib/code/out/vs/workbench/services/extensions/node/extensionHostProcess.js:45:801)
	at p.acceptChunk (/usr/lib/code/out/vs/workbench/services/extensions/node/extensionHostProcess.js:233:393)
	at /usr/lib/code/out/vs/workbench/services/extensions/node/extensionHostProcess.js:232:753
	at Socket.t (/usr/lib/code/out/vs/workbench/services/extensions/node/extensionHostProcess.js:241:826)
	at Socket.emit (events.js:203:13)
	at addChunk (_stream_readable.js:295:12)
	at readableAddChunk (_stream_readable.js:276:11)
	at Socket.Readable.push (_stream_readable.js:210:10)
	at Pipe.onStreamRead (internal/stream_base_commons.js:166:17)
[2020-08-02 16:33:08.125] [exthost] [error] [ms-python.python] provider FAILED
[2020-08-02 16:33:08.126] [exthost] [error] Error: [ms-python.python]: Proposed API is only available when running out of dev or with the following command line switch: --enable-proposed-api ms-python.python
	at a (/usr/lib/code/out/vs/workbench/services/extensions/node/extensionHostProcess.js:594:75)
	at Object.t.checkProposedApiEnabled (/usr/lib/code/out/vs/workbench/services/extensions/node/extensionHostProcess.js:594:437)
	at Object.get activeNotebookEditor [as activeNotebookEditor] (/usr/lib/code/out/vs/workbench/services/extensions/node/extensionHostProcess.js:925:680)
	at u.get activeNotebookEditor [as activeNotebookEditor] (/home/tomicp/.vscode-oss/extensions/ms-python.python-2020.7.96456/out/client/extension.js:46:526543)
	at g.provideCodeLenses (/home/tomicp/.vscode-oss/extensions/ms-python.python-2020.7.96456/out/client/extension.js:48:226369)
	at /usr/lib/code/out/vs/workbench/services/extensions/node/extensionHostProcess.js:666:744
	at /usr/lib/code/out/vs/workbench/services/extensions/node/extensionHostProcess.js:51:761
	at new Promise (<anonymous>)
	at Object.t.asPromise (/usr/lib/code/out/vs/workbench/services/extensions/node/extensionHostProcess.js:51:733)
	at _.provideCodeLenses (/usr/lib/code/out/vs/workbench/services/extensions/node/extensionHostProcess.js:666:715)
	at /usr/lib/code/out/vs/workbench/services/extensions/node/extensionHostProcess.js:687:816
	at K._withAdapter (/usr/lib/code/out/vs/workbench/services/extensions/node/extensionHostProcess.js:686:499)
	at K.$provideCodeLenses (/usr/lib/code/out/vs/workbench/services/extensions/node/extensionHostProcess.js:687:794)
	at m._doInvokeHandler (/usr/lib/code/out/vs/workbench/services/extensions/node/extensionHostProcess.js:801:683)
	at m._invokeHandler (/usr/lib/code/out/vs/workbench/services/extensions/node/extensionHostProcess.js:801:375)
	at m._receiveRequest (/usr/lib/code/out/vs/workbench/services/extensions/node/extensionHostProcess.js:799:953)
	at m._receiveOneMessage (/usr/lib/code/out/vs/workbench/services/extensions/node/extensionHostProcess.js:798:832)
	at /usr/lib/code/out/vs/workbench/services/extensions/node/extensionHostProcess.js:797:34
	at l.fire (/usr/lib/code/out/vs/workbench/services/extensions/node/extensionHostProcess.js:45:801)
	at v.fire (/usr/lib/code/out/vs/workbench/services/extensions/node/extensionHostProcess.js:235:849)
	at /usr/lib/code/out/vs/workbench/services/extensions/node/extensionHostProcess.js:975:649
	at l.fire (/usr/lib/code/out/vs/workbench/services/extensions/node/extensionHostProcess.js:45:801)
	at v.fire (/usr/lib/code/out/vs/workbench/services/extensions/node/extensionHostProcess.js:235:849)
	at t.PersistentProtocol._receiveMessage (/usr/lib/code/out/vs/workbench/services/extensions/node/extensionHostProcess.js:240:276)
	at /usr/lib/code/out/vs/workbench/services/extensions/node/extensionHostProcess.js:237:357
	at l.fire (/usr/lib/code/out/vs/workbench/services/extensions/node/extensionHostProcess.js:45:801)
	at p.acceptChunk (/usr/lib/code/out/vs/workbench/services/extensions/node/extensionHostProcess.js:233:393)
	at /usr/lib/code/out/vs/workbench/services/extensions/node/extensionHostProcess.js:232:753
	at Socket.t (/usr/lib/code/out/vs/workbench/services/extensions/node/extensionHostProcess.js:241:826)
	at Socket.emit (events.js:203:13)
	at addChunk (_stream_readable.js:295:12)
	at readableAddChunk (_stream_readable.js:276:11)
	at Socket.Readable.push (_stream_readable.js:210:10)
	at Pipe.onStreamRead (internal/stream_base_commons.js:166:17)
[2020-08-02 16:33:46.982] [exthost] [error] [ms-python.python] provider FAILED
[2020-08-02 16:33:46.982] [exthost] [error] Error: [ms-python.python]: Proposed API is only available when running out of dev or with the following command line switch: --enable-proposed-api ms-python.python
	at a (/usr/lib/code/out/vs/workbench/services/extensions/node/extensionHostProcess.js:594:75)
	at Object.t.checkProposedApiEnabled (/usr/lib/code/out/vs/workbench/services/extensions/node/extensionHostProcess.js:594:437)
	at Object.get activeNotebookEditor [as activeNotebookEditor] (/usr/lib/code/out/vs/workbench/services/extensions/node/extensionHostProcess.js:925:680)
	at u.get activeNotebookEditor [as activeNotebookEditor] (/home/tomicp/.vscode-oss/extensions/ms-python.python-2020.7.96456/out/client/extension.js:46:526543)
	at g.provideCodeLenses (/home/tomicp/.vscode-oss/extensions/ms-python.python-2020.7.96456/out/client/extension.js:48:226369)
	at /usr/lib/code/out/vs/workbench/services/extensions/node/extensionHostProcess.js:666:744
	at /usr/lib/code/out/vs/workbench/services/extensions/node/extensionHostProcess.js:51:761
	at new Promise (<anonymous>)
	at Object.t.asPromise (/usr/lib/code/out/vs/workbench/services/extensions/node/extensionHostProcess.js:51:733)
	at _.provideCodeLenses (/usr/lib/code/out/vs/workbench/services/extensions/node/extensionHostProcess.js:666:715)
	at /usr/lib/code/out/vs/workbench/services/extensions/node/extensionHostProcess.js:687:816
	at K._withAdapter (/usr/lib/code/out/vs/workbench/services/extensions/node/extensionHostProcess.js:686:499)
	at K.$provideCodeLenses (/usr/lib/code/out/vs/workbench/services/extensions/node/extensionHostProcess.js:687:794)
	at m._doInvokeHandler (/usr/lib/code/out/vs/workbench/services/extensions/node/extensionHostProcess.js:801:683)
	at m._invokeHandler (/usr/lib/code/out/vs/workbench/services/extensions/node/extensionHostProcess.js:801:375)
	at m._receiveRequest (/usr/lib/code/out/vs/workbench/services/extensions/node/extensionHostProcess.js:799:953)
	at m._receiveOneMessage (/usr/lib/code/out/vs/workbench/services/extensions/node/extensionHostProcess.js:798:832)
	at /usr/lib/code/out/vs/workbench/services/extensions/node/extensionHostProcess.js:797:34
	at l.fire (/usr/lib/code/out/vs/workbench/services/extensions/node/extensionHostProcess.js:45:801)
	at v.fire (/usr/lib/code/out/vs/workbench/services/extensions/node/extensionHostProcess.js:235:849)
	at /usr/lib/code/out/vs/workbench/services/extensions/node/extensionHostProcess.js:975:649
	at l.fire (/usr/lib/code/out/vs/workbench/services/extensions/node/extensionHostProcess.js:45:801)
	at v.fire (/usr/lib/code/out/vs/workbench/services/extensions/node/extensionHostProcess.js:235:849)
	at t.PersistentProtocol._receiveMessage (/usr/lib/code/out/vs/workbench/services/extensions/node/extensionHostProcess.js:240:276)
	at /usr/lib/code/out/vs/workbench/services/extensions/node/extensionHostProcess.js:237:357
	at l.fire (/usr/lib/code/out/vs/workbench/services/extensions/node/extensionHostProcess.js:45:801)
	at p.acceptChunk (/usr/lib/code/out/vs/workbench/services/extensions/node/extensionHostProcess.js:233:393)
	at /usr/lib/code/out/vs/workbench/services/extensions/node/extensionHostProcess.js:232:753
	at Socket.t (/usr/lib/code/out/vs/workbench/services/extensions/node/extensionHostProcess.js:241:826)
	at Socket.emit (events.js:203:13)
	at addChunk (_stream_readable.js:295:12)
	at readableAddChunk (_stream_readable.js:276:11)
	at Socket.Readable.push (_stream_readable.js:210:10)
	at Pipe.onStreamRead (internal/stream_base_commons.js:166:17)
[2020-08-02 16:34:19.726] [exthost] [error] [ms-python.python] provider FAILED
[2020-08-02 16:34:19.727] [exthost] [error] Error: [ms-python.python]: Proposed API is only available when running out of dev or with the following command line switch: --enable-proposed-api ms-python.python
	at a (/usr/lib/code/out/vs/workbench/services/extensions/node/extensionHostProcess.js:594:75)
	at Object.t.checkProposedApiEnabled (/usr/lib/code/out/vs/workbench/services/extensions/node/extensionHostProcess.js:594:437)
	at Object.get activeNotebookEditor [as activeNotebookEditor] (/usr/lib/code/out/vs/workbench/services/extensions/node/extensionHostProcess.js:925:680)
	at u.get activeNotebookEditor [as activeNotebookEditor] (/home/tomicp/.vscode-oss/extensions/ms-python.python-2020.7.96456/out/client/extension.js:46:526543)
	at g.provideCodeLenses (/home/tomicp/.vscode-oss/extensions/ms-python.python-2020.7.96456/out/client/extension.js:48:226369)
	at /usr/lib/code/out/vs/workbench/services/extensions/node/extensionHostProcess.js:666:744
	at /usr/lib/code/out/vs/workbench/services/extensions/node/extensionHostProcess.js:51:761
	at new Promise (<anonymous>)
	at Object.t.asPromise (/usr/lib/code/out/vs/workbench/services/extensions/node/extensionHostProcess.js:51:733)
	at _.provideCodeLenses (/usr/lib/code/out/vs/workbench/services/extensions/node/extensionHostProcess.js:666:715)
	at /usr/lib/code/out/vs/workbench/services/extensions/node/extensionHostProcess.js:687:816
	at K._withAdapter (/usr/lib/code/out/vs/workbench/services/extensions/node/extensionHostProcess.js:686:499)
	at K.$provideCodeLenses (/usr/lib/code/out/vs/workbench/services/extensions/node/extensionHostProcess.js:687:794)
	at m._doInvokeHandler (/usr/lib/code/out/vs/workbench/services/extensions/node/extensionHostProcess.js:801:683)
	at m._invokeHandler (/usr/lib/code/out/vs/workbench/services/extensions/node/extensionHostProcess.js:801:375)
	at m._receiveRequest (/usr/lib/code/out/vs/workbench/services/extensions/node/extensionHostProcess.js:799:953)
	at m._receiveOneMessage (/usr/lib/code/out/vs/workbench/services/extensions/node/extensionHostProcess.js:798:832)
	at /usr/lib/code/out/vs/workbench/services/extensions/node/extensionHostProcess.js:797:34
	at l.fire (/usr/lib/code/out/vs/workbench/services/extensions/node/extensionHostProcess.js:45:801)
	at v.fire (/usr/lib/code/out/vs/workbench/services/extensions/node/extensionHostProcess.js:235:849)
	at /usr/lib/code/out/vs/workbench/services/extensions/node/extensionHostProcess.js:975:649
	at l.fire (/usr/lib/code/out/vs/workbench/services/extensions/node/extensionHostProcess.js:45:801)
	at v.fire (/usr/lib/code/out/vs/workbench/services/extensions/node/extensionHostProcess.js:235:849)
	at t.PersistentProtocol._receiveMessage (/usr/lib/code/out/vs/workbench/services/extensions/node/extensionHostProcess.js:240:276)
	at /usr/lib/code/out/vs/workbench/services/extensions/node/extensionHostProcess.js:237:357
	at l.fire (/usr/lib/code/out/vs/workbench/services/extensions/node/extensionHostProcess.js:45:801)
	at p.acceptChunk (/usr/lib/code/out/vs/workbench/services/extensions/node/extensionHostProcess.js:233:393)
	at /usr/lib/code/out/vs/workbench/services/extensions/node/extensionHostProcess.js:232:753
	at Socket.t (/usr/lib/code/out/vs/workbench/services/extensions/node/extensionHostProcess.js:241:826)
	at Socket.emit (events.js:203:13)
	at addChunk (_stream_readable.js:295:12)
	at readableAddChunk (_stream_readable.js:276:11)
	at Socket.Readable.push (_stream_readable.js:210:10)
	at Pipe.onStreamRead (internal/stream_base_commons.js:166:17)
[2020-08-02 16:35:07.480] [exthost] [error] [ms-python.python] provider FAILED
[2020-08-02 16:35:07.482] [exthost] [error] Error: [ms-python.python]: Proposed API is only available when running out of dev or with the following command line switch: --enable-proposed-api ms-python.python
	at a (/usr/lib/code/out/vs/workbench/services/extensions/node/extensionHostProcess.js:594:75)
	at Object.t.checkProposedApiEnabled (/usr/lib/code/out/vs/workbench/services/extensions/node/extensionHostProcess.js:594:437)
	at Object.get activeNotebookEditor [as activeNotebookEditor] (/usr/lib/code/out/vs/workbench/services/extensions/node/extensionHostProcess.js:925:680)
	at u.get activeNotebookEditor [as activeNotebookEditor] (/home/tomicp/.vscode-oss/extensions/ms-python.python-2020.7.96456/out/client/extension.js:46:526543)
	at g.provideCodeLenses (/home/tomicp/.vscode-oss/extensions/ms-python.python-2020.7.96456/out/client/extension.js:48:226369)
	at /usr/lib/code/out/vs/workbench/services/extensions/node/extensionHostProcess.js:666:744
	at /usr/lib/code/out/vs/workbench/services/extensions/node/extensionHostProcess.js:51:761
	at new Promise (<anonymous>)
	at Object.t.asPromise (/usr/lib/code/out/vs/workbench/services/extensions/node/extensionHostProcess.js:51:733)
	at _.provideCodeLenses (/usr/lib/code/out/vs/workbench/services/extensions/node/extensionHostProcess.js:666:715)
	at /usr/lib/code/out/vs/workbench/services/extensions/node/extensionHostProcess.js:687:816
	at K._withAdapter (/usr/lib/code/out/vs/workbench/services/extensions/node/extensionHostProcess.js:686:499)
	at K.$provideCodeLenses (/usr/lib/code/out/vs/workbench/services/extensions/node/extensionHostProcess.js:687:794)
	at m._doInvokeHandler (/usr/lib/code/out/vs/workbench/services/extensions/node/extensionHostProcess.js:801:683)
	at m._invokeHandler (/usr/lib/code/out/vs/workbench/services/extensions/node/extensionHostProcess.js:801:375)
	at m._receiveRequest (/usr/lib/code/out/vs/workbench/services/extensions/node/extensionHostProcess.js:799:953)
	at m._receiveOneMessage (/usr/lib/code/out/vs/workbench/services/extensions/node/extensionHostProcess.js:798:832)
	at /usr/lib/code/out/vs/workbench/services/extensions/node/extensionHostProcess.js:797:34
	at l.fire (/usr/lib/code/out/vs/workbench/services/extensions/node/extensionHostProcess.js:45:801)
	at v.fire (/usr/lib/code/out/vs/workbench/services/extensions/node/extensionHostProcess.js:235:849)
	at /usr/lib/code/out/vs/workbench/services/extensions/node/extensionHostProcess.js:975:649
	at l.fire (/usr/lib/code/out/vs/workbench/services/extensions/node/extensionHostProcess.js:45:801)
	at v.fire (/usr/lib/code/out/vs/workbench/services/extensions/node/extensionHostProcess.js:235:849)
	at t.PersistentProtocol._receiveMessage (/usr/lib/code/out/vs/workbench/services/extensions/node/extensionHostProcess.js:240:276)
	at /usr/lib/code/out/vs/workbench/services/extensions/node/extensionHostProcess.js:237:357
	at l.fire (/usr/lib/code/out/vs/workbench/services/extensions/node/extensionHostProcess.js:45:801)
	at p.acceptChunk (/usr/lib/code/out/vs/workbench/services/extensions/node/extensionHostProcess.js:233:393)
	at /usr/lib/code/out/vs/workbench/services/extensions/node/extensionHostProcess.js:232:753
	at Socket.t (/usr/lib/code/out/vs/workbench/services/extensions/node/extensionHostProcess.js:241:826)
	at Socket.emit (events.js:203:13)
	at addChunk (_stream_readable.js:295:12)
	at readableAddChunk (_stream_readable.js:276:11)
	at Socket.Readable.push (_stream_readable.js:210:10)
	at Pipe.onStreamRead (internal/stream_base_commons.js:166:17)
[2020-08-02 16:35:10.226] [exthost] [error] [ms-python.python] provider FAILED
[2020-08-02 16:35:10.226] [exthost] [error] Error: [ms-python.python]: Proposed API is only available when running out of dev or with the following command line switch: --enable-proposed-api ms-python.python
	at a (/usr/lib/code/out/vs/workbench/services/extensions/node/extensionHostProcess.js:594:75)
	at Object.t.checkProposedApiEnabled (/usr/lib/code/out/vs/workbench/services/extensions/node/extensionHostProcess.js:594:437)
	at Object.get activeNotebookEditor [as activeNotebookEditor] (/usr/lib/code/out/vs/workbench/services/extensions/node/extensionHostProcess.js:925:680)
	at u.get activeNotebookEditor [as activeNotebookEditor] (/home/tomicp/.vscode-oss/extensions/ms-python.python-2020.7.96456/out/client/extension.js:46:526543)
	at g.provideCodeLenses (/home/tomicp/.vscode-oss/extensions/ms-python.python-2020.7.96456/out/client/extension.js:48:226369)
	at /usr/lib/code/out/vs/workbench/services/extensions/node/extensionHostProcess.js:666:744
	at /usr/lib/code/out/vs/workbench/services/extensions/node/extensionHostProcess.js:51:761
	at new Promise (<anonymous>)
	at Object.t.asPromise (/usr/lib/code/out/vs/workbench/services/extensions/node/extensionHostProcess.js:51:733)
	at _.provideCodeLenses (/usr/lib/code/out/vs/workbench/services/extensions/node/extensionHostProcess.js:666:715)
	at /usr/lib/code/out/vs/workbench/services/extensions/node/extensionHostProcess.js:687:816
	at K._withAdapter (/usr/lib/code/out/vs/workbench/services/extensions/node/extensionHostProcess.js:686:499)
	at K.$provideCodeLenses (/usr/lib/code/out/vs/workbench/services/extensions/node/extensionHostProcess.js:687:794)
	at m._doInvokeHandler (/usr/lib/code/out/vs/workbench/services/extensions/node/extensionHostProcess.js:801:683)
	at m._invokeHandler (/usr/lib/code/out/vs/workbench/services/extensions/node/extensionHostProcess.js:801:375)
	at m._receiveRequest (/usr/lib/code/out/vs/workbench/services/extensions/node/extensionHostProcess.js:799:953)
	at m._receiveOneMessage (/usr/lib/code/out/vs/workbench/services/extensions/node/extensionHostProcess.js:798:832)
	at /usr/lib/code/out/vs/workbench/services/extensions/node/extensionHostProcess.js:797:34
	at l.fire (/usr/lib/code/out/vs/workbench/services/extensions/node/extensionHostProcess.js:45:801)
	at v.fire (/usr/lib/code/out/vs/workbench/services/extensions/node/extensionHostProcess.js:235:849)
	at /usr/lib/code/out/vs/workbench/services/extensions/node/extensionHostProcess.js:975:649
	at l.fire (/usr/lib/code/out/vs/workbench/services/extensions/node/extensionHostProcess.js:45:801)
	at v.fire (/usr/lib/code/out/vs/workbench/services/extensions/node/extensionHostProcess.js:235:849)
	at t.PersistentProtocol._receiveMessage (/usr/lib/code/out/vs/workbench/services/extensions/node/extensionHostProcess.js:240:276)
	at /usr/lib/code/out/vs/workbench/services/extensions/node/extensionHostProcess.js:237:357
	at l.fire (/usr/lib/code/out/vs/workbench/services/extensions/node/extensionHostProcess.js:45:801)
	at p.acceptChunk (/usr/lib/code/out/vs/workbench/services/extensions/node/extensionHostProcess.js:233:393)
	at /usr/lib/code/out/vs/workbench/services/extensions/node/extensionHostProcess.js:232:753
	at Socket.t (/usr/lib/code/out/vs/workbench/services/extensions/node/extensionHostProcess.js:241:826)
	at Socket.emit (events.js:203:13)
	at addChunk (_stream_readable.js:295:12)
	at readableAddChunk (_stream_readable.js:276:11)
	at Socket.Readable.push (_stream_readable.js:210:10)
	at Pipe.onStreamRead (internal/stream_base_commons.js:166:17)
