Looking for git in: git
Using git 2.28.0 from git
> git rev-parse --show-toplevel
> git rev-parse --git-dir
Open repository: /home/tomicp/Works/materials
> git status -z -u
> git symbolic-ref --short HEAD
> git rev-parse master
> git rev-parse --symbolic-full-name master@{u}
> git rev-list --left-right master...refs/remotes/origin/master
> git for-each-ref --sort -committerdate --format %(refname) %(objectname)
> git remote --verbose
Warning: Failed to watch ref '/home/tomicp/Works/materials/.git/refs/remotes/origin/master', is most likely packed.
> git config --get commit.template
> git check-ignore -v -z --stdin
> git show --textconv :rp-portfolio/manage.py
> git ls-files --stage -- /home/tomicp/Works/materials/rp-portfolio/manage.py
> git cat-file -s bd3c534b5b8c63146b25bd206d916454357e64e9
> git check-ignore -v -z --stdin
> git check-ignore -v -z --stdin
> git show --textconv :rp-portfolio/blog/admin.py
> git ls-files --stage -- /home/tomicp/Works/materials/rp-portfolio/blog/admin.py
> git cat-file -s ac64b86daa1e4c630e3b78509214c9528034082e
> git show --textconv :rp-portfolio/blog/models.py
> git ls-files --stage -- /home/tomicp/Works/materials/rp-portfolio/blog/models.py
> git cat-file -s a28ccd27343806d4b0bf027e6ffa0024b74caab3
> git show --textconv :rp-portfolio/blog/forms.py
> git ls-files --stage -- /home/tomicp/Works/materials/rp-portfolio/blog/forms.py
> git cat-file -s 3fdf2c7e31dd2a508134e356160156e75c4e3381
> git log --format=%H%n%aN%n%aE%n%at%n%ct%n%P%n%B -z -n21 -- /home/tomicp/Works/materials/rp-portfolio/blog/forms.py
> git check-ignore -v -z --stdin
> git show --textconv :rp-portfolio/blog/urls.py
> git ls-files --stage -- /home/tomicp/Works/materials/rp-portfolio/blog/urls.py
> git cat-file -s afd1c42b2756020981deebceb23aac73594da528
> git show --textconv :rp-portfolio/blog/views.py
> git ls-files --stage -- /home/tomicp/Works/materials/rp-portfolio/blog/views.py
> git cat-file -s 75808bde6ba35ce422b745bf54761d80832fa75c
> git check-ignore -v -z --stdin
